0 info it worked if it ends with ok
1 verbose cli [ 'C:\\Program Files\\nodejs\\node.exe',
1 verbose cli   'C:\\Users\\Nistvan\\AppData\\Roaming\\npm\\node_modules\\npm\\bin\\npm-cli.js',
1 verbose cli   'run',
1 verbose cli   'ionic:serve',
1 verbose cli   '--' ]
2 info using npm@4.0.2
3 info using node@v6.9.1
4 verbose run-script [ 'preionic:serve', 'ionic:serve', 'postionic:serve' ]
5 info lifecycle ionic-app-base@~preionic:serve: ionic-app-base@
6 silly lifecycle ionic-app-base@~preionic:serve: no script for preionic:serve, continuing
7 info lifecycle ionic-app-base@~ionic:serve: ionic-app-base@
8 verbose lifecycle ionic-app-base@~ionic:serve: unsafe-perm in lifecycle true
9 verbose lifecycle ionic-app-base@~ionic:serve: PATH: C:\Users\Nistvan\AppData\Roaming\npm\node_modules\npm\bin\node-gyp-bin;d:\Development\Android\AngularIonic\Projects2\Pizzerie\node_modules\.bin;C:\ProgramData\Oracle\Java\javapath;C:\Windows\system32;C:\Windows;C:\Windows\System32\Wbem;C:\Windows\System32\WindowsPowerShell\v1.0\;C:\Program Files (x86)\NVIDIA Corporation\PhysX\Common;C:\Program Files\Git\cmd;C:\Program Files (x86)\Skype\Phone\;c:\Program Files (x86)\Java\jre1.8.0_101\bin\;C:\Program Files\nodejs\;C:\Users\Nistvan\AppData\Local\Microsoft\WindowsApps;C:\Users\Nistvan\AppData\Local\atom\bin;C:\Program Files (x86)\Microsoft VS Code\bin;C:\Users\Nistvan\AppData\Roaming\npm
10 verbose lifecycle ionic-app-base@~ionic:serve: CWD: d:\Development\Android\AngularIonic\Projects2\Pizzerie
11 silly lifecycle ionic-app-base@~ionic:serve: Args: [ '/d /s /c', 'ionic-app-scripts serve' ]
12 silly lifecycle ionic-app-base@~ionic:serve: Returned: code: 1  signal: null
13 info lifecycle ionic-app-base@~ionic:serve: Failed to exec ionic:serve script
14 verbose stack Error: ionic-app-base@ ionic:serve: `ionic-app-scripts serve`
14 verbose stack Exit status 1
14 verbose stack     at EventEmitter.<anonymous> (C:\Users\Nistvan\AppData\Roaming\npm\node_modules\npm\lib\utils\lifecycle.js:279:16)
14 verbose stack     at emitTwo (events.js:106:13)
14 verbose stack     at EventEmitter.emit (events.js:191:7)
14 verbose stack     at ChildProcess.<anonymous> (C:\Users\Nistvan\AppData\Roaming\npm\node_modules\npm\lib\utils\spawn.js:40:14)
14 verbose stack     at emitTwo (events.js:106:13)
14 verbose stack     at ChildProcess.emit (events.js:191:7)
14 verbose stack     at maybeClose (internal/child_process.js:877:16)
14 verbose stack     at Process.ChildProcess._handle.onexit (internal/child_process.js:226:5)
15 verbose pkgid ionic-app-base@
16 verbose cwd d:\Development\Android\AngularIonic\Projects2\Pizzerie
17 error Windows_NT 10.0.14393
18 error argv "C:\\Program Files\\nodejs\\node.exe" "C:\\Users\\Nistvan\\AppData\\Roaming\\npm\\node_modules\\npm\\bin\\npm-cli.js" "run" "ionic:serve" "--"
19 error node v6.9.1
20 error npm  v4.0.2
21 error code ELIFECYCLE
22 error ionic-app-base@ ionic:serve: `ionic-app-scripts serve`
22 error Exit status 1
23 error Failed at the ionic-app-base@ ionic:serve script 'ionic-app-scripts serve'.
23 error Make sure you have the latest version of node.js and npm installed.
23 error If you do, this is most likely a problem with the ionic-app-base package,
23 error not with npm itself.
23 error Tell the author that this fails on your system:
23 error     ionic-app-scripts serve
23 error You can get information on how to open an issue for this project with:
23 error     npm bugs ionic-app-base
23 error Or if that isn't available, you can get their info via:
23 error     npm owner ls ionic-app-base
23 error There is likely additional logging output above.
24 verbose exit [ 1, true ]
